INFO: [SIM 2] *************** CSIM start ***************
INFO: [SIM 4] CSIM will launch GCC as the compiler.
   Compiling ../../../xillybus_wrapper.cpp in release mode
   Generating csim.exe
0.895584
0.495407
0.541458
0.968277
1.246704
0.682861
0.242599
1.042969
1.090149
1.102936
0.783844
0.603058
0.084854
0.222061
0.455139
0.780045
1.149933
0.784729
0.257721
1.262863
-0.132355
-0.002197
0.362579
-0.278824
-0.351135
0.286835
0.894226
0.653900
0.985413
0.672073
0.596436
0.918610
0.327164
1.003845
0.252243
1.013870
-0.342117
-0.226730
-0.021896
0.591858
0.110580
0.683487
0.590820
0.117081
0.663986
0.437134
0.884918
0.264069
0.827957
1.026215
0.714996
1.039444
1.156479
1.227142
1.546951
0.229416
-0.108871
-0.201126
0.322891
0.581894
0.873611
0.376938
0.863342
0.447250
0.089661
1.112289
1.243759
0.499161
0.225098
0.870544
0.167267
0.224228
-0.041367
0.664612
-0.092941
0.167435
0.101059
0.935196
0.222687
0.912231
0.623260
0.999634
0.252472
1.101257
0.646729
0.303238
0.166840
0.211456
0.372604
0.778275
0.191803
-0.036453
0.898651
0.005432
0.996460
0.780533
1.083542
0.993942
1.300415
1.166901
0.274399
0.480469
0.581467
0.040985
0.499237
0.160751
1.106918
0.850235
0.928040
-0.079590
-0.099579
-0.456863
0.642502
0.444992
0.066849
0.112915
0.338104
1.019897
0.162430
0.642059
0.523743
0.790726
0.693039
1.146271
1.113831
0.752090
0.336456
-0.170792
0.189575
0.003922
0.497345
1.084930
-0.172028
0.143265
0.818863
0.956924
0.947571
0.847763
1.420181
0.703140
0.441650
0.354813
-0.090271
0.123947
0.017593
0.113098
0.021454
0.114792
0.287949
1.021240
-0.140533
0.683502
0.687698
0.841736
0.930893
1.171463
1.451324
1.353867
0.337372
0.007675
0.742386
0.759186
0.793579
0.838821
0.784836
-0.213242
0.271484
0.083282
-0.060669
0.467804
0.537781
0.112656
1.008591
0.579895
0.765594
0.004349
0.648407
0.603119
0.305206
0.929626
0.927582
0.964325
1.515762
0.706726
-0.455399
-0.259491
-0.073792
-0.197662
0.601990
0.026978
-0.294434
-0.320740
0.068741
0.123047
0.463272
-0.211487
1.001068
1.146591
0.749741
0.824814
0.208252
0.838013
0.766663
0.299347
-0.041641
0.964447
0.681686
0.194168
0.623825
1.042496
0.127655
-0.152069
0.236923
0.548019
0.943573
1.189804
0.606064
1.511230
1.079971
0.797058
1.076523
0.389542
0.472992
0.876541
0.884445
-0.023849
0.946899
0.987244
1.108948
0.166534
-0.139679
-0.500854
0.169525
0.400131
0.600113
-0.017578
0.452255
0.491013
1.189056
0.843674
-0.193069
0.670395
0.648209
0.756165
0.737381
1.470398
-0.042389
0.766464
-0.035614
1.123672
0.887817
-0.157547
0.608459
0.253555
0.934143
1.054260
1.372742
0.832535
1.155441
0.895264
-0.330170
0.764206
0.739227
0.849121
0.738510
1.317459
0.995407
1.005051
0.866898
-0.038498
0.577652
0.529022
0.501465
0.734406
1.313034
1.241348
-0.038635
0.587433
0.299942
0.743683
0.814102
1.352402
1.236771
0.960739
0.617142
0.562714
0.679138
0.975189
0.423676
0.719131
0.617203
0.513321
0.022293
0.683975
1.354141
1.270248
0.691422
0.060501
0.538467
0.398880
0.656937
0.821732
0.959198
0.684265
0.880997
0.301880
0.744507
0.556366
1.301498
0.749237
1.204956
1.144104
0.813553
0.378479
0.468353
0.558334
-0.229614
0.773804
0.816330
0.662430
0.932648
0.615189
-0.312073
0.633850
0.188705
0.630157
0.664536
1.276199
0.628922
0.223724
1.338760
0.735672
0.204803
0.045853
-0.253860
0.737900
0.694702
0.645523
0.320587
0.402679
0.800186
0.432846
0.646622
1.672699
1.159073
-0.184616
1.086441
0.673416
-0.227432
0.519089
0.255112
0.503967
0.792374
1.057297
0.943237
0.892319
1.041687
1.030838
0.276703
0.200623
0.528702
0.403915
0.645416
0.659454
0.668625
0.129440
0.472412
1.026855
1.051041
0.648849
0.947479
0.470108
0.144135
0.648819
0.207214
0.797241
0.912872
1.051071
0.718933
1.103928
0.987747
0.347900
0.957306
0.286591
0.569290
0.644089
0.083115
0.817551
0.629196
1.315155
1.113312
0.571655
-0.121674
0.694595
0.407471
0.675018
0.198593
0.933304
1.040939
0.707779
0.130051
-0.058456
0.676102
0.491562
-0.009857
0.453934
1.240128
0.959839
0.976959
0.722580
0.936493
1.184372
1.089737
1.151001
0.807709
0.614197
0.994980
0.732071
0.793182
1.125854
0.743881
0.991211
0.524292
0.524170
0.510345
0.970261
1.054657
0.727600
0.534485
1.043045
1.231140
1.255508
0.803970
0.360931
0.613770
1.204437
1.153656
0.534241
0.505325
0.618057
0.981735
1.121796
0.682343
0.775482
0.845093
1.026321
0.968887
1.130798
1.148682
0.527725
1.087631
0.710052
0.583588
0.939468
1.105301
0.824371
1.176682
0.694260
1.296661
0.472809
-0.851028
1.124100
0.899979
0.189194
0.793396
0.841537
1.045547
0.512161
0.882034
0.980530
0.826019
0.873352
0.868546
0.689240
1.203613
0.970688
1.018692
0.940735
0.504745
-0.305374
0.907471
0.759094
0.073700
0.583237
0.781082
0.259811
0.579498
0.525314
0.864532
0.491135
0.456787
0.589584
0.714523
0.397247
1.065384
0.397247
0.984665
0.453583
0.657639
0.352112
1.172043
0.797394
0.726669
0.978500
0.703033
0.544907
0.243958
0.732956
0.506424
0.759750
1.236053
1.051651
1.194061
0.961807
0.332504
0.717087
0.103500
1.022949
0.726242
0.834854
0.835678
0.256989
0.254776
0.779327
0.761780
0.294312
0.958832
1.314682
0.815430
0.508423
0.426682
0.732361
0.644333
1.115631
1.290131
0.977280
0.052750
0.811920
0.144424
0.739914
0.560867
0.956909
0.954987
1.057800
0.997192
0.737518
0.558228
0.672226
0.897522
1.011169
1.137299
1.105103
0.788635
0.586792
0.471130
0.399139
0.326065
0.875153
1.018051
0.699234
0.909973
1.089645
1.101730
0.905167
0.390396
1.052719
1.082703
0.848068
0.689880
0.735977
0.653702
0.672546
0.224060
0.974747
0.251221
0.816528
0.751907
0.599884
0.274063
0.371948
0.655762
0.772888
0.567581
0.526825
1.324326
0.739655
0.883255
0.304672
0.411026
0.647293
0.837814
0.126602
0.694916
0.742081
1.029053
1.014435
0.968170
-0.346481
0.516647
0.893539
0.819794
0.639267
0.855026
0.661682
0.682129
0.339462
0.738159
0.389587
0.871429
0.842957
0.707306
0.737305
0.812332
0.707092
1.109268
0.261307
0.891708
0.575241
0.763016
0.955597
0.453430
0.549103
0.545197
0.691071
0.526978
0.296555
0.807236
0.742493
0.911789
0.783173
0.954239
0.722107
0.532608
0.996124
0.664749
0.487457
1.242371
0.779037
0.935776
0.622070
0.313950
0.934845
0.636032
1.137650
0.557159
0.219116
0.916138
0.592758
0.592285
0.156876
0.180756
0.158569
0.297256
0.756592
0.735184
0.740387
0.304779
0.646118
0.638443
0.994019
0.683548
0.084534
0.719177
0.754517
-0.332672
0.934891
0.790054
0.491119
0.786179
0.639511
0.082108
0.934814
0.848923
0.270905
0.439056
1.142624
1.060074
0.108032
1.140640
0.669113
0.261475
0.581253
0.352158
0.627304
0.672287
0.490738
0.966980
1.539307
0.231964
0.912735
0.366348
-0.023346
0.408737
0.172531
0.357925
0.343475
0.927521
1.208908
0.308060
0.426743
1.052582
0.467773
1.062469
0.517502
0.411026
0.445557
-0.047195
0.144943
0.588440
0.542145
0.822067
0.830933
0.976532
0.699951
0.699799
0.660004
0.673462
0.836334
1.071289
0.512695
0.727249
0.489304
0.291275
0.787598
1.015533
0.339508
0.917252
0.425308
0.360764
0.791260
-0.260284
0.527451
0.569229
1.138535
0.237274
0.469543
0.735687
0.944397
0.446381
0.346542
0.944244
0.852356
0.113754
0.282486
0.980865
0.577240
0.405045
0.017685
0.577255
0.623581
0.928528
0.912567
0.524033
0.551743
0.598770
0.677368
1.029755
0.481522
0.542328
0.587036
0.679214
1.098618
0.681671
0.273041
0.569717
1.080978
1.052444
0.970551
0.904480
-0.332108
0.538483
0.875351
0.326019
0.838806
0.576675
-0.222870
0.432892
0.463150
1.001434
0.750549
0.792938
0.826492
1.047089
0.836380
0.104202
1.103897
0.839432
0.968246
0.912842
0.880859
0.929016
0.961548
0.584106
0.861557
0.790726
0.912186
0.946091
0.849426
0.512863
0.495483
0.829544
0.812286
1.000229
1.000061
0.847214
0.537582
0.476440
0.580521
0.494583
0.399658
0.565048
0.738251
0.712753
0.920319
0.895569
0.696976
0.458344
0.292404
0.519287
0.927338
0.956924
0.584991
1.053238
0.849991
0.829651
0.963409
0.610306
0.906250
0.896576
0.855331
0.963196
1.045731
1.040787
0.992569
0.928574
0.917847
1.011673
1.067352
1.028152
0.860626
0.781204
1.207642
0.879761
0.920502
0.700745
1.080490
0.912537
1.132828
0.950958
1.105911
0.844955
0.562531
1.001007
0.794250
0.747559
0.760895
1.181290
0.921219
0.799728
0.649979
1.212509
0.609268
0.484344
0.434738
0.498581
0.433701
1.066284
1.163803
0.618835
0.581635
0.681122
0.687195
0.559860
0.811188
0.683533
0.764130
0.800934
1.038910
0.768539
0.904968
0.785217
0.773865
0.955078
0.895508
0.814941
0.692154
0.826950
0.736023
1.009705
1.008484
1.104340
1.074829
1.092972
0.948639
1.050293
0.405136
-0.475174
0.837921
0.926590
0.732376
1.001633
0.685623
0.776306
0.526917
0.442383
0.981384
0.681763
0.389847
0.722778
0.446075
1.084427
-0.060745
0.069382
-0.447006
1.076111
1.036087
0.490051
0.930389
1.018387
0.843063
0.980911
1.144089
0.952255
1.037521
1.119583
1.226639
1.269958
0.840042
0.942307
0.948288
0.975708
0.833557
1.147659
1.095764
1.224014
1.282715
1.419083
0.837662
0.868881
1.212082
1.277313
0.729874
0.960052
1.108521
0.914017
0.855087
1.175171
1.114334
1.051071
1.151962
1.169800
1.272400
0.508652
1.140030
1.060837
0.909882
1.083389
0.597992
0.826248
0.658676
-0.308563
1.051880
0.964035
0.817276
0.285751
0.628311
0.889557
0.815887
0.875000
1.173141
1.020966
1.099609
1.007401
0.306808
0.580688
0.080704
1.197906
1.259659
0.381638
0.295319
0.624664
1.184265
0.907196
0.092285
1.110428
0.603882
0.838577
0.034241
0.332397
0.430191
0.655685
0.473801
1.024658
0.745941
0.898376
0.964249
0.355362
0.050522
0.615448
0.324707
0.524780
0.009338
0.446640
1.098129
0.279999
0.118057
0.654297
0.524979
0.908920
0.309769
0.268097
-0.476471
-0.529205
-0.337036
-0.113495
1.239624
0.763885
0.563736
0.507599
0.431473
1.168915
0.212448
0.496231
0.242569
1.042999
0.237961
0.926636
0.685471
0.868912
0.978104
0.992874
0.957123
1.003418
1.034271
1.049698
1.139008
1.178040
1.231567
0.906036
0.916687
0.981522
1.077057
1.179565
1.142700
1.198273
1.273743
1.024872
0.475861
0.509323
0.544876
0.513763
1.021042
1.097397
0.711380
1.064072
1.248428
1.156448
1.039169
0.963547
0.859085
0.440796
0.634140
0.816193
0.897278
1.002731
0.927124
0.770660
0.761703
1.119095
0.804474
0.696320
0.849472
1.096954
0.768600
0.755615
0.775238
0.917343
0.687820
0.983856
0.763260
0.900803
0.900803
0.969940
0.444824
0.668411
1.080429
1.133591
0.657822
0.637085
0.271133
0.668533
0.726074
0.768921
1.034500
0.761780
0.667038
1.167923
1.395172
0.650620
1.119614
0.727280
0.987991
0.467743
1.318756
1.374725
1.028427
0.942429
0.959671
1.065353
0.952744
1.016678
1.169724
0.942795
1.207458
0.697113
0.858765
0.995697
0.957718
1.221054
1.127106
1.064774
1.150436
1.057693
1.083923
1.220657
0.726822
1.014664
0.708328
0.886292
0.857178
1.123352
0.531494
0.758377
0.974411
0.594940
1.059662
1.126190
1.140564
1.010513
0.608963
0.899307
1.086472
0.834702
0.770996
0.947983
1.180847
0.776154
0.848495
0.717133
0.569962
0.814011
0.909958
-0.511337
INFO: [SIM 1] CSim done with 0 errors.
INFO: [SIM 3] *************** CSIM finish ***************
