

================================================================
== Vivado HLS Report for 'Loop_2_proc'
================================================================
* Date:           Fri May 18 16:31:17 2018

* Version:        2018.1 (Build 2188600 on Wed Apr 04 19:04:02 MDT 2018)
* Project:        hog_svm_fpga
* Solution:       hog_svm_fpga
* Product family: zynq
* Target device:  xc7z010clg400-1


================================================================
== Performance Estimates
================================================================
+ Timing (ns): 
    * Summary: 
    +--------+-------+----------+------------+
    |  Clock | Target| Estimated| Uncertainty|
    +--------+-------+----------+------------+
    |ap_clk  |  10.00|      6.89|        1.25|
    +--------+-------+----------+------------+

+ Latency (clock cycles): 
    * Summary: 
    +------+------+------+------+---------+
    |   Latency   |   Interval  | Pipeline|
    |  min |  max |  min |  max |   Type  |
    +------+------+------+------+---------+
    |  3529|  3529|  3529|  3529|   none  |
    +------+------+------+------+---------+

    + Detail: 
        * Instance: 
        N/A

        * Loop: 
        +----------+------+------+----------+-----------+-----------+------+----------+
        |          |   Latency   | Iteration|  Initiation Interval  | Trip |          |
        | Loop Name|  min |  max |  Latency |  achieved |   target  | Count| Pipelined|
        +----------+------+------+----------+-----------+-----------+------+----------+
        |- Loop 1  |  3528|  3528|         2|          -|          -|  1764|    no    |
        +----------+------+------+----------+-----------+-----------+------+----------+



================================================================
== Utilization Estimates
================================================================
* Summary: 
+-----------------+---------+-------+-------+-------+
|       Name      | BRAM_18K| DSP48E|   FF  |  LUT  |
+-----------------+---------+-------+-------+-------+
|DSP              |        -|      -|      -|      -|
|Expression       |        -|      -|      0|     28|
|FIFO             |        -|      -|      -|      -|
|Instance         |        -|      -|      -|      -|
|Memory           |        -|      -|      -|      -|
|Multiplexer      |        -|      -|      -|     48|
|Register         |        -|      -|     26|      -|
+-----------------+---------+-------+-------+-------+
|Total            |        0|      0|     26|     76|
+-----------------+---------+-------+-------+-------+
|Available        |      120|     80|  35200|  17600|
+-----------------+---------+-------+-------+-------+
|Utilization (%)  |        0|      0|   ~0  |   ~0  |
+-----------------+---------+-------+-------+-------+

+ Detail: 
    * Instance: 
    N/A

    * DSP48: 
    N/A

    * Memory: 
    N/A

    * FIFO: 
    N/A

    * Expression: 
    +-------------------+----------+-------+---+----+------------+------------+
    |   Variable Name   | Operation| DSP48E| FF| LUT| Bitwidth P0| Bitwidth P1|
    +-------------------+----------+-------+---+----+------------+------------+
    |i_fu_67_p2         |     +    |      0|  0|  13|          11|           1|
    |exitcond_fu_61_p2  |   icmp   |      0|  0|  13|          11|          10|
    |ap_block_state1    |    or    |      0|  0|   2|           1|           1|
    +-------------------+----------+-------+---+----+------------+------------+
    |Total              |          |      0|  0|  28|          23|          12|
    +-------------------+----------+-------+---+----+------------+------------+

    * Multiplexer: 
    +-----------------+----+-----------+-----+-----------+
    |       Name      | LUT| Input Size| Bits| Total Bits|
    +-----------------+----+-----------+-----+-----------+
    |ap_NS_fsm        |  21|          4|    1|          4|
    |ap_done          |   9|          2|    1|          2|
    |out_r_blk_n      |   9|          2|    1|          2|
    |p_04_rec_reg_45  |   9|          2|   11|         22|
    +-----------------+----+-----------+-----+-----------+
    |Total            |  48|         10|   14|         30|
    +-----------------+----+-----------+-----+-----------+

    * Register: 
    +-----------------+----+----+-----+-----------+
    |       Name      | FF | LUT| Bits| Const Bits|
    +-----------------+----+----+-----+-----------+
    |ap_CS_fsm        |   3|   0|    3|          0|
    |ap_done_reg      |   1|   0|    1|          0|
    |i_reg_81         |  11|   0|   11|          0|
    |p_04_rec_reg_45  |  11|   0|   11|          0|
    +-----------------+----+----+-----+-----------+
    |Total            |  26|   0|   26|          0|
    +-----------------+----+----+-----+-----------+



================================================================
== Interface
================================================================
* Summary: 
+--------------+-----+-----+------------+--------------+--------------+
|   RTL Ports  | Dir | Bits|  Protocol  | Source Object|    C Type    |
+--------------+-----+-----+------------+--------------+--------------+
|ap_clk        |  in |    1| ap_ctrl_hs |  Loop_2_proc | return value |
|ap_rst        |  in |    1| ap_ctrl_hs |  Loop_2_proc | return value |
|ap_start      |  in |    1| ap_ctrl_hs |  Loop_2_proc | return value |
|ap_done       | out |    1| ap_ctrl_hs |  Loop_2_proc | return value |
|ap_continue   |  in |    1| ap_ctrl_hs |  Loop_2_proc | return value |
|ap_idle       | out |    1| ap_ctrl_hs |  Loop_2_proc | return value |
|ap_ready      | out |    1| ap_ctrl_hs |  Loop_2_proc | return value |
|out_r_din     | out |   32|   ap_fifo  |     out_r    |    pointer   |
|out_r_full_n  |  in |    1|   ap_fifo  |     out_r    |    pointer   |
|out_r_write   | out |    1|   ap_fifo  |     out_r    |    pointer   |
|hog_address0  | out |   11|  ap_memory |      hog     |     array    |
|hog_ce0       | out |    1|  ap_memory |      hog     |     array    |
|hog_q0        |  in |   32|  ap_memory |      hog     |     array    |
+--------------+-----+-----+------------+--------------+--------------+

============================================================
+ Verbose Summary: Synthesis Manager
============================================================
InlineROM: 1
ExposeGlobal: 0
============================================================
+ Verbose Summary: CDFG Model
============================================================
IsTopModel: 0
ResetActiveHigh: 1
IsCombinational: 2
IsDatapathOnly: 0
HasWiredReturn: 1
HasMFsm: 0
HasVarLatency: 1
IsPipeline: 0
IsRtlPipelined: 0
IsInstanceOverlapped: 0
IsDontTouch: 0
HasImplIP: 0
IsGatedGlobalClock: 0


============================================================
+ Verbose Summary: Schedule
============================================================
* Number of FSM states : 3
* Pipeline : 0
* Dataflow Pipeline: 0

* FSM state transitions: 
1 --> 
	2  / true
2 --> 
	3  / (!exitcond)
3 --> 
	2  / true

* FSM state operations: 

 <State 1> : 1.77ns
ST_1 : Operation 4 [1/1] (0.00ns)   --->   "call void (...)* @_ssdm_op_SpecInterface(i32* %out_r, [8 x i8]* @p_str9, i32 0, i32 0, [1 x i8]* @p_str2, i32 0, i32 0, [1 x i8]* @p_str2, [1 x i8]* @p_str2, [1 x i8]* @p_str2, i32 0, i32 0, i32 0, i32 0, [1 x i8]* @p_str2, [1 x i8]* @p_str2)"
ST_1 : Operation 5 [1/1] (1.76ns)   --->   "br label %0" [hog_svm_fpga/xillybus_wrapper.cpp:240]

 <State 2> : 3.25ns
ST_2 : Operation 6 [1/1] (0.00ns)   --->   "%p_04_rec = phi i11 [ 0, %newFuncRoot ], [ %i, %1 ]"
ST_2 : Operation 7 [1/1] (0.00ns)   --->   "%p_04_rec_cast = zext i11 %p_04_rec to i64" [hog_svm_fpga/xillybus_wrapper.cpp:243]
ST_2 : Operation 8 [1/1] (0.00ns)   --->   "%empty = call i32 (...)* @_ssdm_op_SpecLoopTripCount(i64 1764, i64 1764, i64 1764) nounwind"
ST_2 : Operation 9 [1/1] (1.88ns)   --->   "%exitcond = icmp eq i11 %p_04_rec, -284" [hog_svm_fpga/xillybus_wrapper.cpp:240]   --->   Core 25 'Cmp' <Latency = 0> <II = 1> <Delay = 1.88> <FuncUnit> <Opcode : 'icmp'> <InPorts = 2> <OutPorts = 1>
ST_2 : Operation 10 [1/1] (1.63ns)   --->   "%i = add i11 %p_04_rec, 1" [hog_svm_fpga/xillybus_wrapper.cpp:243]   --->   Core 14 'AddSub' <Latency = 0> <II = 1> <Delay = 1.63> <FuncUnit> <Opcode : 'add' 'sub'> <InPorts = 2> <OutPorts = 1>
ST_2 : Operation 11 [1/1] (0.00ns)   --->   "br i1 %exitcond, label %.exitStub, label %1" [hog_svm_fpga/xillybus_wrapper.cpp:240]
ST_2 : Operation 12 [1/1] (0.00ns)   --->   "%hog_addr = getelementptr inbounds [1764 x float]* %hog, i64 0, i64 %p_04_rec_cast" [hog_svm_fpga/xillybus_wrapper.cpp:242]
ST_2 : Operation 13 [2/2] (3.25ns)   --->   "%hog_load = load float* %hog_addr, align 4" [hog_svm_fpga/xillybus_wrapper.cpp:242]   --->   Core 37 'RAM' <Latency = 1> <II = 1> <Delay = 2.32> <Storage> <Opcode : 'load' 'store'> <Ports = 2> <Width = 32> <Depth = 9> <RAM>
ST_2 : Operation 14 [1/1] (0.00ns)   --->   "ret void"

 <State 3> : 6.89ns
ST_3 : Operation 15 [1/2] (3.25ns)   --->   "%hog_load = load float* %hog_addr, align 4" [hog_svm_fpga/xillybus_wrapper.cpp:242]   --->   Core 37 'RAM' <Latency = 1> <II = 1> <Delay = 2.32> <Storage> <Opcode : 'load' 'store'> <Ports = 2> <Width = 32> <Depth = 9> <RAM>
ST_3 : Operation 16 [1/1] (0.00ns)   --->   "%temp = bitcast float %hog_load to i32" [hog_svm_fpga/xillybus_wrapper.cpp:242]
ST_3 : Operation 17 [1/1] (3.63ns)   --->   "call void @_ssdm_op_Write.ap_fifo.i32P(i32* %out_r, i32 %temp) nounwind" [hog_svm_fpga/xillybus_wrapper.cpp:243]   --->   Core 32 'FIFO' <Latency = 0> <II = 1> <Delay = 3.63> <Storage> <Opcode : 'read' 'write' 'nbread' 'nbwrite'> <Ports = 0> <Width = 32> <Depth = 0> <FIFO>
ST_3 : Operation 18 [1/1] (0.00ns)   --->   "br label %0" [hog_svm_fpga/xillybus_wrapper.cpp:240]


============================================================
+ Verbose Summary: Binding
============================================================
STG Binding: 
---------------- STG Properties BEGIN ----------------
- Is combinational: 0
- Is one-state seq: 0
- Is datapath-only: 0
- Is pipelined: 0
- Is top level: 0
Port [ Return ] is wired: 1; IO mode=ap_ctrl_hs:ce=0
Port [ out_r]:  wired=1; compound=1; hidden=0; nouse=0; global=0; static=0; extern=0; dir=1; type=3; pingpong=0; private_global=0; IO mode=ap_fifo:ce=0
Port [ hog]:  wired=1; compound=1; hidden=0; nouse=0; global=0; static=0; extern=0; dir=0; type=1; pingpong=1; private_global=0; MemPort=[13]; IO mode=ap_memory:ce=0
---------------- STG Properties END ------------------

---------------- Datapath Model BEGIN ----------------

<LifeTime>
<method=bitvector/>
StgValue_4    (specinterface    ) [ 0000]
StgValue_5    (br               ) [ 0111]
p_04_rec      (phi              ) [ 0010]
p_04_rec_cast (zext             ) [ 0000]
empty         (speclooptripcount) [ 0000]
exitcond      (icmp             ) [ 0011]
i             (add              ) [ 0111]
StgValue_11   (br               ) [ 0000]
hog_addr      (getelementptr    ) [ 0001]
StgValue_14   (ret              ) [ 0000]
hog_load      (load             ) [ 0000]
temp          (bitcast          ) [ 0000]
StgValue_17   (write            ) [ 0000]
StgValue_18   (br               ) [ 0111]
</LifeTime>

<model>

<comp_list>
<comp id="0" class="1000" name="out_r">
<pin_list>
<pin id="1" dir="1" index="0" bw="1" slack="0"/>
</pin_list>
<bind>
<StgValue><ssdm name="out_r"/></StgValue>
</bind>
</comp>

<comp id="2" class="1000" name="hog">
<pin_list>
<pin id="3" dir="1" index="0" bw="1" slack="0"/>
</pin_list>
<bind>
<StgValue><ssdm name="hog"/><MemPortTyVec>1 3 </MemPortTyVec>
</StgValue>
</bind>
</comp>

<comp id="4" class="1001" name="const_4">
<pin_list>
<pin id="5" dir="1" index="0" bw="1" slack="2147483647"/>
</pin_list>
<bind>
<StgValue><ssdm name="_ssdm_op_SpecInterface"/></StgValue>
</bind>
</comp>

<comp id="6" class="1001" name="const_6">
<pin_list>
<pin id="7" dir="1" index="0" bw="1" slack="2147483647"/>
</pin_list>
<bind>
<StgValue><ssdm name="p_str9"/></StgValue>
</bind>
</comp>

<comp id="8" class="1001" name="const_8">
<pin_list>
<pin id="9" dir="1" index="0" bw="1" slack="2147483647"/>
</pin_list>
<bind>
<StgValue><ssdm name=""/></StgValue>
</bind>
</comp>

<comp id="10" class="1001" name="const_10">
<pin_list>
<pin id="11" dir="1" index="0" bw="1" slack="2147483647"/>
</pin_list>
<bind>
<StgValue><ssdm name="p_str2"/></StgValue>
</bind>
</comp>

<comp id="12" class="1001" name="const_12">
<pin_list>
<pin id="13" dir="1" index="0" bw="1" slack="1"/>
</pin_list>
<bind>
<StgValue><ssdm name=""/></StgValue>
</bind>
</comp>

<comp id="14" class="1001" name="const_14">
<pin_list>
<pin id="15" dir="1" index="0" bw="1" slack="2147483647"/>
</pin_list>
<bind>
<StgValue><ssdm name="_ssdm_op_SpecLoopTripCount"/></StgValue>
</bind>
</comp>

<comp id="16" class="1001" name="const_16">
<pin_list>
<pin id="17" dir="1" index="0" bw="1" slack="2147483647"/>
</pin_list>
<bind>
<StgValue><ssdm name=""/></StgValue>
</bind>
</comp>

<comp id="18" class="1001" name="const_18">
<pin_list>
<pin id="19" dir="1" index="0" bw="1" slack="0"/>
</pin_list>
<bind>
<StgValue><ssdm name=""/></StgValue>
</bind>
</comp>

<comp id="20" class="1001" name="const_20">
<pin_list>
<pin id="21" dir="1" index="0" bw="1" slack="0"/>
</pin_list>
<bind>
<StgValue><ssdm name=""/></StgValue>
</bind>
</comp>

<comp id="22" class="1001" name="const_22">
<pin_list>
<pin id="23" dir="1" index="0" bw="1" slack="0"/>
</pin_list>
<bind>
<StgValue><ssdm name=""/></StgValue>
</bind>
</comp>

<comp id="24" class="1001" name="const_24">
<pin_list>
<pin id="25" dir="1" index="0" bw="1" slack="0"/>
</pin_list>
<bind>
<StgValue><ssdm name="_ssdm_op_Write.ap_fifo.i32P"/></StgValue>
</bind>
</comp>

<comp id="26" class="1004" name="StgValue_17_write_fu_26">
<pin_list>
<pin id="27" dir="0" index="0" bw="0" slack="0"/>
<pin id="28" dir="0" index="1" bw="32" slack="0"/>
<pin id="29" dir="0" index="2" bw="32" slack="0"/>
<pin id="30" dir="1" index="3" bw="0" slack="2147483647"/>
</pin_list>
<bind>
<opcode="write(1151) " fcode="write"/>
<opset="StgValue_17/3 "/>
</bind>
</comp>

<comp id="33" class="1004" name="hog_addr_gep_fu_33">
<pin_list>
<pin id="34" dir="0" index="0" bw="32" slack="0"/>
<pin id="35" dir="0" index="1" bw="1" slack="0"/>
<pin id="36" dir="0" index="2" bw="11" slack="0"/>
<pin id="37" dir="1" index="3" bw="11" slack="0"/>
</pin_list>
<bind>
<opcode="getelementptr(29) " fcode="getelementptr"/>
<opset="hog_addr/2 "/>
</bind>
</comp>

<comp id="40" class="1004" name="grp_access_fu_40">
<pin_list>
<pin id="41" dir="0" index="0" bw="11" slack="0"/>
<pin id="42" dir="0" index="1" bw="32" slack="2147483647"/>
<pin id="43" dir="1" index="2" bw="32" slack="0"/>
</pin_list>
<bind>
<opcode="load(27) " fcode="load"/>
<opset="hog_load/2 "/>
</bind>
</comp>

<comp id="45" class="1005" name="p_04_rec_reg_45">
<pin_list>
<pin id="46" dir="0" index="0" bw="11" slack="1"/>
<pin id="47" dir="1" index="1" bw="11" slack="1"/>
</pin_list>
<bind>
<opset="p_04_rec (phireg) "/>
</bind>
</comp>

<comp id="49" class="1004" name="p_04_rec_phi_fu_49">
<pin_list>
<pin id="50" dir="0" index="0" bw="1" slack="1"/>
<pin id="51" dir="0" index="1" bw="0" slack="2147483647"/>
<pin id="52" dir="0" index="2" bw="11" slack="0"/>
<pin id="53" dir="0" index="3" bw="0" slack="2147483647"/>
<pin id="54" dir="1" index="4" bw="11" slack="0"/>
</pin_list>
<bind>
<opcode="phi(47) " fcode="phi"/>
<opset="p_04_rec/2 "/>
</bind>
</comp>

<comp id="56" class="1004" name="p_04_rec_cast_fu_56">
<pin_list>
<pin id="57" dir="0" index="0" bw="11" slack="0"/>
<pin id="58" dir="1" index="1" bw="64" slack="0"/>
</pin_list>
<bind>
<opcode="zext(34) " fcode="zext"/>
<opset="p_04_rec_cast/2 "/>
</bind>
</comp>

<comp id="61" class="1004" name="exitcond_fu_61">
<pin_list>
<pin id="62" dir="0" index="0" bw="11" slack="0"/>
<pin id="63" dir="0" index="1" bw="11" slack="0"/>
<pin id="64" dir="1" index="2" bw="1" slack="2147483647"/>
</pin_list>
<bind>
<opcode="icmp(45) " fcode="icmp"/>
<opset="exitcond/2 "/>
</bind>
</comp>

<comp id="67" class="1004" name="i_fu_67">
<pin_list>
<pin id="68" dir="0" index="0" bw="11" slack="0"/>
<pin id="69" dir="0" index="1" bw="1" slack="0"/>
<pin id="70" dir="1" index="2" bw="11" slack="0"/>
</pin_list>
<bind>
<opcode="add(8) " fcode="add"/>
<opset="i/2 "/>
</bind>
</comp>

<comp id="73" class="1004" name="temp_fu_73">
<pin_list>
<pin id="74" dir="0" index="0" bw="32" slack="0"/>
<pin id="75" dir="1" index="1" bw="32" slack="0"/>
</pin_list>
<bind>
<opcode="bitcast(44) " fcode="bitcast"/>
<opset="temp/3 "/>
</bind>
</comp>

<comp id="81" class="1005" name="i_reg_81">
<pin_list>
<pin id="82" dir="0" index="0" bw="11" slack="0"/>
<pin id="83" dir="1" index="1" bw="11" slack="0"/>
</pin_list>
<bind>
<opset="i "/>
</bind>
</comp>

<comp id="86" class="1005" name="hog_addr_reg_86">
<pin_list>
<pin id="87" dir="0" index="0" bw="11" slack="1"/>
<pin id="88" dir="1" index="1" bw="11" slack="1"/>
</pin_list>
<bind>
<opset="hog_addr "/>
</bind>
</comp>

</comp_list>

<net_list>
<net id="31"><net_src comp="24" pin="0"/><net_sink comp="26" pin=0"/></net>

<net id="32"><net_src comp="0" pin="0"/><net_sink comp="26" pin=1"/></net>

<net id="38"><net_src comp="2" pin="0"/><net_sink comp="33" pin=0"/></net>

<net id="39"><net_src comp="22" pin="0"/><net_sink comp="33" pin=1"/></net>

<net id="44"><net_src comp="33" pin="3"/><net_sink comp="40" pin=0"/></net>

<net id="48"><net_src comp="12" pin="0"/><net_sink comp="45" pin=0"/></net>

<net id="55"><net_src comp="45" pin="1"/><net_sink comp="49" pin=0"/></net>

<net id="59"><net_src comp="49" pin="4"/><net_sink comp="56" pin=0"/></net>

<net id="60"><net_src comp="56" pin="1"/><net_sink comp="33" pin=2"/></net>

<net id="65"><net_src comp="49" pin="4"/><net_sink comp="61" pin=0"/></net>

<net id="66"><net_src comp="18" pin="0"/><net_sink comp="61" pin=1"/></net>

<net id="71"><net_src comp="49" pin="4"/><net_sink comp="67" pin=0"/></net>

<net id="72"><net_src comp="20" pin="0"/><net_sink comp="67" pin=1"/></net>

<net id="76"><net_src comp="40" pin="2"/><net_sink comp="73" pin=0"/></net>

<net id="77"><net_src comp="73" pin="1"/><net_sink comp="26" pin=2"/></net>

<net id="84"><net_src comp="67" pin="2"/><net_sink comp="81" pin=0"/></net>

<net id="85"><net_src comp="81" pin="1"/><net_sink comp="49" pin=2"/></net>

<net id="89"><net_src comp="33" pin="3"/><net_sink comp="86" pin=0"/></net>

<net id="90"><net_src comp="86" pin="1"/><net_sink comp="40" pin=0"/></net>

</net_list>

</model> 
---------------- Datapath Model END ------------------

* FSMD analyzer results:
  - Output states:
	Port: out_r | {3 }
 - Input state : 
	Port: Loop_2_proc : out_r | {}
	Port: Loop_2_proc : hog | {2 3 }
  - Chain level:
	State 1
	State 2
		p_04_rec_cast : 1
		exitcond : 1
		i : 1
		StgValue_11 : 2
		hog_addr : 2
		hog_load : 3
	State 3
		temp : 1
		StgValue_17 : 2


============================================================
+ Verbose Summary: Datapath Resource usage 
============================================================

* Functional unit list:
|----------|-------------------------|---------|---------|
| Operation|     Functional Unit     |    FF   |   LUT   |
|----------|-------------------------|---------|---------|
|   icmp   |      exitcond_fu_61     |    0    |    13   |
|----------|-------------------------|---------|---------|
|    add   |         i_fu_67         |    0    |    13   |
|----------|-------------------------|---------|---------|
|   write  | StgValue_17_write_fu_26 |    0    |    0    |
|----------|-------------------------|---------|---------|
|   zext   |   p_04_rec_cast_fu_56   |    0    |    0    |
|----------|-------------------------|---------|---------|
|   Total  |                         |    0    |    26   |
|----------|-------------------------|---------|---------|

Memories:
N/A

* Register list:
+---------------+--------+
|               |   FF   |
+---------------+--------+
|hog_addr_reg_86|   11   |
|    i_reg_81   |   11   |
|p_04_rec_reg_45|   11   |
+---------------+--------+
|     Total     |   33   |
+---------------+--------+

* Multiplexer (MUX) list: 
|------------------|------|------|------|--------||---------||---------|
|       Comp       |  Pin | Size |  BW  | S x BW ||  Delay  ||   LUT   |
|------------------|------|------|------|--------||---------||---------|
| grp_access_fu_40 |  p0  |   2  |  11  |   22   ||    9    |
|------------------|------|------|------|--------||---------||---------|
|       Total      |      |      |      |   22   ||  1.769  ||    9    |
|------------------|------|------|------|--------||---------||---------|



* Summary:
+-----------+--------+--------+--------+
|           |  Delay |   FF   |   LUT  |
+-----------+--------+--------+--------+
|  Function |    -   |    0   |   26   |
|   Memory  |    -   |    -   |    -   |
|Multiplexer|    1   |    -   |    9   |
|  Register |    -   |   33   |    -   |
+-----------+--------+--------+--------+
|   Total   |    1   |   33   |   35   |
+-----------+--------+--------+--------+
